<?xml version="1.0" encoding="UTF-8"?>
<!-- Generated by org.testng.reporters.JUnitReportReporter -->
<testsuite hostname="LAPTOP-48HCJLNU" failures="0" tests="1" name="dataDriven.IntegrateExcelTestNG.excel" time="0.740" errors="0" timestamp="2023-04-12T14:38:18 EDT" skipped="0">
  <testcase classname="dataDriven.IntegrateExcelTestNG.excel" name="getExcel" time="0.740"/>
  <system-out/>
</testsuite> <!-- dataDriven.IntegrateExcelTestNG.excel -->
