<?xml version="1.0" encoding="UTF-8"?>
<!-- Generated by org.testng.reporters.JUnitReportReporter -->
<testsuite hostname="LAPTOP-48HCJLNU" failures="0" tests="3" name="dataDriven.IntegrateExcelTestNG.dataProvider" time="0.011" errors="0" timestamp="2023-04-12T14:58:40 EDT" skipped="0">
  <testcase classname="dataDriven.IntegrateExcelTestNG.dataProvider" name="testcasedata" time="0.009"/>
  <system-out/>
  <testcase classname="dataDriven.IntegrateExcelTestNG.dataProvider" name="testcasedata" time="0.001"/>
  <system-out/>
  <testcase classname="dataDriven.IntegrateExcelTestNG.dataProvider" name="testcasedata" time="0.001"/>
  <system-out/>
</testsuite> <!-- dataDriven.IntegrateExcelTestNG.dataProvider -->
